<?xml version="1.0" encoding="UTF-8"?>
<testng-results skipped="0" failed="0" ignored="0" total="1" passed="1">
  <reporter-output>
  </reporter-output>
  <suite name="Default suite" duration-ms="16886" started-at="2019-08-26T18:01:11Z" finished-at="2019-08-26T18:01:28Z">
    <groups>
    </groups>
    <test name="Default test" duration-ms="16886" started-at="2019-08-26T18:01:11Z" finished-at="2019-08-26T18:01:28Z">
      <class name="script.LogInToGmail">
        <test-method status="PASS" signature="setup()[pri:0, instance:script.LogInToGmail@1e88b3c]" name="setup" is-config="true" duration-ms="5765" started-at="2019-08-26T14:01:11Z" finished-at="2019-08-26T14:01:17Z">
          <reporter-output>
          </reporter-output>
        </test-method> <!-- setup -->
        <test-method status="PASS" signature="login(java.lang.String, java.lang.String)[pri:0, instance:script.LogInToGmail@1e88b3c]" name="login" duration-ms="5918" started-at="2019-08-26T14:01:17Z" data-provider="userInformation" finished-at="2019-08-26T14:01:23Z">
          <params>
            <param index="0">
              <value>
                <![CDATA[kishorsubedi.subedi@gmail.com]]>
              </value>
            </param>
            <param index="1">
              <value>
                <![CDATA[9849053442]]>
              </value>
            </param>
          </params>
          <reporter-output>
          </reporter-output>
        </test-method> <!-- login -->
        <test-method status="PASS" signature="logout()[pri:0, instance:script.LogInToGmail@1e88b3c]" name="logout" is-config="true" duration-ms="5045" started-at="2019-08-26T14:01:23Z" finished-at="2019-08-26T14:01:28Z">
          <reporter-output>
          </reporter-output>
        </test-method> <!-- logout -->
      </class> <!-- script.LogInToGmail -->
    </test> <!-- Default test -->
  </suite> <!-- Default suite -->
</testng-results>
